firewatch-yolo  |              ^^^^^^^^^^^^^^^^^^^^^^^^^^^^^^^^^^^
firewatch-yolo  |   File "/usr/local/lib/python3.11/importlib/__init__.py", line 126, in import_module
firewatch-yolo  |     return _bootstrap._gcd_import(name[level:], package, level)
firewatch-yolo  |            ^^^^^^^^^^^^^^^^^^^^^^^^^^^^^^^^^^^^^^^^^^^^^^^^^^^^
firewatch-yolo  |   File "<frozen importlib._bootstrap>", line 1204, in _gcd_import
firewatch-yolo  |   File "<frozen importlib._bootstrap>", line 1176, in _find_and_load
firewatch-yolo  |   File "<frozen importlib._bootstrap>", line 1147, in _find_and_load_unlocked
firewatch-yolo  |   File "<frozen importlib._bootstrap>", line 690, in _load_unlocked
firewatch-yolo  |   File "<frozen importlib._bootstrap_external>", line 940, in exec_module
firewatch-yolo  |   File "<frozen importlib._bootstrap>", line 241, in _call_with_frames_removed
firewatch-yolo  |   File "/app/main.py", line 5, in <module>
firewatch-yolo  |     import cv2
firewatch-yolo  |   File "/usr/local/lib/python3.11/site-packages/cv2/__init__.py", line 181, in <module>
firewatch-yolo  |     bootstrap()
firewatch-yolo  |   File "/usr/local/lib/python3.11/site-packages/cv2/__init__.py", line 153, in bootstrap
firewatch-yolo  |     native_module = importlib.import_module("cv2")
firewatch-yolo  |                     ^^^^^^^^^^^^^^^^^^^^^^^^^^^^^^
firewatch-yolo  |   File "/usr/local/lib/python3.11/importlib/__init__.py", line 126, in import_module
firewatch-yolo  |     return _bootstrap._gcd_import(name[level:], package, level)
firewatch-yolo  |            ^^^^^^^^^^^^^^^^^^^^^^^^^^^^^^^^^^^^^^^^^^^^^^^^^^^^
firewatch-yolo  | ImportError: libGL.so.1: cannot open shared object file: No such file or directory
firewatch-yolo  | Traceback (most recent call last):
firewatch-yolo  |   File "/usr/local/bin/uvicorn", line 8, in <module>
firewatch-yolo  |     sys.exit(main())
firewatch-yolo  |              ^^^^^^
firewatch-yolo  |   File "/usr/local/lib/python3.11/site-packages/click/core.py", line 1485, in __call__
firewatch-yolo  |     return self.main(*args, **kwargs)
firewatch-yolo  |            ^^^^^^^^^^^^^^^^^^^^^^^^^^
firewatch-yolo  |   File "/usr/local/lib/python3.11/site-packages/click/core.py", line 1406, in main
firewatch-yolo  |     rv = self.invoke(ctx)
firewatch-yolo  |          ^^^^^^^^^^^^^^^^
firewatch-yolo  |   File "/usr/local/lib/python3.11/site-packages/click/core.py", line 1269, in invoke
firewatch-yolo  |     return ctx.invoke(self.callback, **ctx.params)
firewatch-yolo  |            ^^^^^^^^^^^^^^^^^^^^^^^^^^^^^^^^^^^^^^^
firewatch-yolo  |   File "/usr/local/lib/python3.11/site-packages/click/core.py", line 824, in invoke
firewatch-yolo  |     return callback(*args, **kwargs)
firewatch-yolo  |            ^^^^^^^^^^^^^^^^^^^^^^^^^
firewatch-yolo  |   File "/usr/local/lib/python3.11/site-packages/uvicorn/main.py", line 433, in main
firewatch-yolo  |     run(
firewatch-yolo  |   File "/usr/local/lib/python3.11/site-packages/uvicorn/main.py", line 606, in run
firewatch-yolo  |     server.run()
firewatch-yolo  |   File "/usr/local/lib/python3.11/site-packages/uvicorn/server.py", line 75, in run
firewatch-yolo  |     return asyncio_run(self.serve(sockets=sockets), loop_factory=self.config.get_loop_factory())
firewatch-yolo  |            ^^^^^^^^^^^^^^^^^^^^^^^^^^^^^^^^^^^^^^^^^^^^^^^^^^^^^^^^^^^^^^^^^^^^^^^^^^^^^^^^^^^^^
firewatch-yolo  |   File "/usr/local/lib/python3.11/site-packages/uvicorn/_compat.py", line 30, in asyncio_run
firewatch-yolo  |     return runner.run(main)
firewatch-yolo  |            ^^^^^^^^^^^^^^^^
firewatch-yolo  |   File "/usr/local/lib/python3.11/asyncio/runners.py", line 118, in run
firewatch-yolo  |     return self._loop.run_until_complete(task)
firewatch-yolo  |            ^^^^^^^^^^^^^^^^^^^^^^^^^^^^^^^^^^^
firewatch-yolo  |   File "/usr/local/lib/python3.11/asyncio/base_events.py", line 654, in run_until_complete
firewatch-yolo  |     return future.result()
firewatch-yolo  |            ^^^^^^^^^^^^^^^
firewatch-yolo  |   File "/usr/local/lib/python3.11/site-packages/uvicorn/server.py", line 79, in serve
firewatch-yolo  |     await self._serve(sockets)
firewatch-yolo  |   File "/usr/local/lib/python3.11/site-packages/uvicorn/server.py", line 86, in _serve
firewatch-yolo  |     config.load()
firewatch-yolo  |   File "/usr/local/lib/python3.11/site-packages/uvicorn/config.py", line 441, in load
firewatch-yolo  |     self.loaded_app = import_from_string(self.app)
firewatch-yolo  |                       ^^^^^^^^^^^^^^^^^^^^^^^^^^^^
firewatch-yolo  |   File "/usr/local/lib/python3.11/site-packages/uvicorn/importer.py", line 19, in import_from_string
firewatch-yolo  |     module = importlib.import_module(module_str)
firewatch-yolo  |              ^^^^^^^^^^^^^^^^^^^^^^^^^^^^^^^^^^^
firewatch-yolo  |   File "/usr/local/lib/python3.11/importlib/__init__.py", line 126, in import_module
firewatch-yolo  |     return _bootstrap._gcd_import(name[level:], package, level)
firewatch-yolo  |            ^^^^^^^^^^^^^^^^^^^^^^^^^^^^^^^^^^^^^^^^^^^^^^^^^^^^
firewatch-yolo  |   File "<frozen importlib._bootstrap>", line 1204, in _gcd_import
firewatch-yolo  |   File "<frozen importlib._bootstrap>", line 1176, in _find_and_load
firewatch-yolo  |   File "<frozen importlib._bootstrap>", line 1147, in _find_and_load_unlocked
firewatch-yolo  |   File "<frozen importlib._bootstrap>", line 690, in _load_unlocked
firewatch-yolo  |   File "<frozen importlib._bootstrap_external>", line 940, in exec_module
firewatch-yolo  |   File "<frozen importlib._bootstrap>", line 241, in _call_with_frames_removed
firewatch-yolo  |   File "/app/main.py", line 5, in <module>
firewatch-yolo  |     import cv2
firewatch-yolo  |   File "/usr/local/lib/python3.11/site-packages/cv2/__init__.py", line 181, in <module>
firewatch-yolo  |     bootstrap()
firewatch-yolo  |   File "/usr/local/lib/python3.11/site-packages/cv2/__init__.py", line 153, in bootstrap
firewatch-yolo  |     native_module = importlib.import_module("cv2")
firewatch-yolo  |                     ^^^^^^^^^^^^^^^^^^^^^^^^^^^^^^
firewatch-yolo  |   File "/usr/local/lib/python3.11/importlib/__init__.py", line 126, in import_module
firewatch-yolo  |     return _bootstrap._gcd_import(name[level:], package, level)
firewatch-yolo  |            ^^^^^^^^^^^^^^^^^^^^^^^^^^^^^^^^^^^^^^^^^^^^^^^^^^^^
firewatch-yolo  | ImportError: libGL.so.1: cannot open shared object file: No such file or directory
firewatch-yolo  | Traceback (most recent call last):
firewatch-yolo  |   File "/usr/local/bin/uvicorn", line 8, in <module>
firewatch-yolo  |     sys.exit(main())
firewatch-yolo  |              ^^^^^^
firewatch-yolo  |   File "/usr/local/lib/python3.11/site-packages/click/core.py", line 1485, in __call__
firewatch-yolo  |     return self.main(*args, **kwargs)
firewatch-yolo  |            ^^^^^^^^^^^^^^^^^^^^^^^^^^
firewatch-yolo  |   File "/usr/local/lib/python3.11/site-packages/click/core.py", line 1406, in main
firewatch-yolo  |     rv = self.invoke(ctx)
firewatch-yolo  |          ^^^^^^^^^^^^^^^^
firewatch-yolo  |   File "/usr/local/lib/python3.11/site-packages/click/core.py", line 1269, in invoke
firewatch-yolo  |     return ctx.invoke(self.callback, **ctx.params)
firewatch-yolo  |            ^^^^^^^^^^^^^^^^^^^^^^^^^^^^^^^^^^^^^^^
firewatch-yolo  |   File "/usr/local/lib/python3.11/site-packages/click/core.py", line 824, in invoke
firewatch-yolo  |     return callback(*args, **kwargs)
firewatch-yolo  |            ^^^^^^^^^^^^^^^^^^^^^^^^^
firewatch-yolo  |   File "/usr/local/lib/python3.11/site-packages/uvicorn/main.py", line 433, in main
firewatch-yolo  |     run(
firewatch-yolo  |   File "/usr/local/lib/python3.11/site-packages/uvicorn/main.py", line 606, in run
firewatch-yolo  |     server.run()
firewatch-yolo  |   File "/usr/local/lib/python3.11/site-packages/uvicorn/server.py", line 75, in run
firewatch-yolo  |     return asyncio_run(self.serve(sockets=sockets), loop_factory=self.config.get_loop_factory())
firewatch-yolo  |            ^^^^^^^^^^^^^^^^^^^^^^^^^^^^^^^^^^^^^^^^^^^^^^^^^^^^^^^^^^^^^^^^^^^^^^^^^^^^^^^^^^^^^
firewatch-yolo  |   File "/usr/local/lib/python3.11/site-packages/uvicorn/_compat.py", line 30, in asyncio_run
firewatch-yolo  |     return runner.run(main)
firewatch-yolo  |            ^^^^^^^^^^^^^^^^
firewatch-yolo  |   File "/usr/local/lib/python3.11/asyncio/runners.py", line 118, in run
firewatch-yolo  |     return self._loop.run_until_complete(task)
firewatch-yolo  |            ^^^^^^^^^^^^^^^^^^^^^^^^^^^^^^^^^^^
firewatch-yolo  |   File "/usr/local/lib/python3.11/asyncio/base_events.py", line 654, in run_until_complete
firewatch-yolo  |     return future.result()
firewatch-yolo  |            ^^^^^^^^^^^^^^^
firewatch-yolo  |   File "/usr/local/lib/python3.11/site-packages/uvicorn/server.py", line 79, in serve
firewatch-yolo  |     await self._serve(sockets)
firewatch-yolo  |   File "/usr/local/lib/python3.11/site-packages/uvicorn/server.py", line 86, in _serve
firewatch-yolo  |     config.load()
firewatch-yolo  |   File "/usr/local/lib/python3.11/site-packages/uvicorn/config.py", line 441, in load
firewatch-yolo  |     self.loaded_app = import_from_string(self.app)
firewatch-yolo  |                       ^^^^^^^^^^^^^^^^^^^^^^^^^^^^
pulling manifest 
firewatch-vlm   | pulling e554c6b9de01: 100% ▕██████████████████▏ 828 MB                         
firewatch-yolo  |   File "/usr/local/lib/python3.11/site-packages/uvicorn/importer.py", line 19, in import_from_string
firewatch-yolo  |     module = importlib.import_module(module_str)
firewatch-yolo  |              ^^^^^^^^^^^^^^^^^^^^^^^^^^^^^^^^^^^
firewatch-yolo  |   File "/usr/local/lib/python3.11/importlib/__init__.py", line 126, in import_module
firewatch-yolo  |     return _bootstrap._gcd_import(name[level:], package, level)
firewatch-yolo  |            ^^^^^^^^^^^^^^^^^^^^^^^^^^^^^^^^^^^^^^^^^^^^^^^^^^^^
firewatch-yolo  |   File "<frozen importlib._bootstrap>", line 1204, in _gcd_import
firewatch-yolo  |   File "<frozen importlib._bootstrap>", line 1176, in _find_and_load
firewatch-yolo  |   File "<frozen importlib._bootstrap>", line 1147, in _find_and_load_unlocked
firewatch-yolo  |   File "<frozen importlib._bootstrap>", line 690, in _load_unlocked
firewatch-yolo  |   File "<frozen importlib._bootstrap_external>", line 940, in exec_module
firewatch-yolo  |   File "<frozen importlib._bootstrap>", line 241, in _call_with_frames_removed
firewatch-yolo  |   File "/app/main.py", line 5, in <module>
firewatch-yolo  |     import cv2
firewatch-yolo  |   File "/usr/local/lib/python3.11/site-packages/cv2/__init__.py", line 181, in <module>
firewatch-yolo  |     bootstrap()
firewatch-yolo  |   File "/usr/local/lib/python3.11/site-packages/cv2/__init__.py", line 153, in bootstrap
firewatch-yolo  |     native_module = importlib.import_module("cv2")
firewatch-yolo  |                     ^^^^^^^^^^^^^^^^^^^^^^^^^^^^^^
firewatch-yolo  |   File "/usr/local/lib/python3.11/importlib/__init__.py", line 126, in import_module
firewatch-yolo  |     return _bootstrap._gcd_import(name[level:], package, level)
firewatch-yolo  |            ^^^^^^^^^^^^^^^^^^^^^^^^^^^^^^^^^^^^^^^^^^^^^^^^^^^^
firewatch-yolo  | ImportError: libGL.so.1: cannot open shared object file: No such file or directory
firewatch-yolo  | Traceback (most recent call last):
firewatch-yolo  |   File "/usr/local/bin/uvicorn", line 8, in <module>
firewatch-yolo  |     sys.exit(main())
firewatch-yolo  |              ^^^^^^
firewatch-yolo  |   File "/usr/local/lib/python3.11/site-packages/click/core.py", line 1485, in __call__
firewatch-yolo  |     return self.main(*args, **kwargs)
firewatch-yolo  |            ^^^^^^^^^^^^^^^^^^^^^^^^^^
firewatch-yolo  |   File "/usr/local/lib/python3.11/site-packages/click/core.py", line 1406, in main
firewatch-yolo  |     rv = self.invoke(ctx)
firewatch-yolo  |          ^^^^^^^^^^^^^^^^
firewatch-yolo  |   File "/usr/local/lib/python3.11/site-packages/click/core.py", line 1269, in invoke
firewatch-yolo  |     return ctx.invoke(self.callback, **ctx.params)
firewatch-yolo  |            ^^^^^^^^^^^^^^^^^^^^^^^^^^^^^^^^^^^^^^^
firewatch-yolo  |   File "/usr/local/lib/python3.11/site-packages/click/core.py", line 824, in invoke
firewatch-yolo  |     return callback(*args, **kwargs)
firewatch-yolo  |            ^^^^^^^^^^^^^^^^^^^^^^^^^
firewatch-yolo  |   File "/usr/local/lib/python3.11/site-packages/uvicorn/main.py", line 433, in main
firewatch-yolo  |     run(
firewatch-yolo  |   File "/usr/local/lib/python3.11/site-packages/uvicorn/main.py", line 606, in run
firewatch-yolo  |     server.run()
firewatch-yolo  |   File "/usr/local/lib/python3.11/site-packages/uvicorn/server.py", line 75, in run
firewatch-yolo  |     return asyncio_run(self.serve(sockets=sockets), loop_factory=self.config.get_loop_factory())
firewatch-yolo  |            ^^^^^^^^^^^^^^^^^^^^^^^^^^^^^^^^^^^^^^^^^^^^^^^^^^^^^^^^^^^^^^^^^^^^^^^^^^^^^^^^^^^^^
firewatch-yolo  |   File "/usr/local/lib/python3.11/site-packages/uvicorn/_compat.py", line 30, in asyncio_run
firewatch-yolo  |     return runner.run(main)
firewatch-yolo  |            ^^^^^^^^^^^^^^^^
firewatch-yolo  |   File "/usr/local/lib/python3.11/asyncio/runners.py", line 118, in run
firewatch-yolo  |     return self._loop.run_until_complete(task)
firewatch-yolo  |            ^^^^^^^^^^^^^^^^^^^^^^^^^^^^^^^^^^^
firewatch-yolo  |   File "/usr/local/lib/python3.11/asyncio/base_events.py", line 654, in run_until_complete
firewatch-yolo  |     return future.result()
firewatch-yolo  |            ^^^^^^^^^^^^^^^
firewatch-yolo  |   File "/usr/local/lib/python3.11/site-packages/uvicorn/server.py", line 79, in serve
firewatch-yolo  |     await self._serve(sockets)
firewatch-yolo  |   File "/usr/local/lib/python3.11/site-packages/uvicorn/server.py", line 86, in _serve
firewatch-yolo  |     config.load()
firewatch-yolo  |   File "/usr/local/lib/python3.11/site-packages/uvicorn/config.py", line 441, in load
firewatch-yolo  |     self.loaded_app = import_from_string(self.app)
firewatch-yolo  |                       ^^^^^^^^^^^^^^^^^^^^^^^^^^^^
firewatch-yolo  |   File "/usr/local/lib/python3.11/site-packages/uvicorn/importer.py", line 19, in import_from_string
firewatch-yolo  |     module = importlib.import_module(module_str)
firewatch-yolo  |              ^^^^^^^^^^^^^^^^^^^^^^^^^^^^^^^^^^^
firewatch-yolo  |   File "/usr/local/lib/python3.11/importlib/__init__.py", line 126, in import_module
firewatch-yolo  |     return _bootstrap._gcd_import(name[level:], package, level)
firewatch-yolo  |            ^^^^^^^^^^^^^^^^^^^^^^^^^^^^^^^^^^^^^^^^^^^^^^^^^^^^
firewatch-yolo  |   File "<frozen importlib._bootstrap>", line 1204, in _gcd_import
firewatch-yolo  |   File "<frozen importlib._bootstrap>", line 1176, in _find_and_load
firewatch-yolo  |   File "<frozen importlib._bootstrap>", line 1147, in _find_and_load_unlocked
firewatch-yolo  |   File "<frozen importlib._bootstrap>", line 690, in _load_unlocked
firewatch-yolo  |   File "<frozen importlib._bootstrap_external>", line 940, in exec_module
firewatch-yolo  |   File "<frozen importlib._bootstrap>", line 241, in _call_with_frames_removed
firewatch-yolo  |   File "/app/main.py", line 5, in <module>
firewatch-yolo  |     import cv2
firewatch-yolo  |   File "/usr/local/lib/python3.11/site-packages/cv2/__init__.py", line 181, in <module>
firewatch-yolo  |     bootstrap()
firewatch-yolo  |   File "/usr/local/lib/python3.11/site-packages/cv2/__init__.py", line 153, in bootstrap
firewatch-yolo  |     native_module = importlib.import_module("cv2")
firewatch-yolo  |                     ^^^^^^^^^^^^^^^^^^^^^^^^^^^^^^
firewatch-yolo  |   File "/usr/local/lib/python3.11/importlib/__init__.py", line 126, in import_module
firewatch-yolo  |     return _bootstrap._gcd_import(name[level:], package, level)
firewatch-yolo  |            ^^^^^^^^^^^^^^^^^^^^^^^^^^^^^^^^^^^^^^^^^^^^^^^^^^^^
firewatch-yolo  | ImportError: libGL.so.1: cannot open shared object file: No such file or directory
firewatch-yolo  | Traceback (most recent call last):
firewatch-yolo  |   File "/usr/local/bin/uvicorn", line 8, in <module>
firewatch-yolo  |     sys.exit(main())
firewatch-yolo  |              ^^^^^^
firewatch-yolo  |   File "/usr/local/lib/python3.11/site-packages/click/core.py", line 1485, in __call__
firewatch-yolo  |     return self.main(*args, **kwargs)
firewatch-yolo  |            ^^^^^^^^^^^^^^^^^^^^^^^^^^
firewatch-yolo  |   File "/usr/local/lib/python3.11/site-packages/click/core.py", line 1406, in main
firewatch-yolo  |     rv = self.invoke(ctx)
firewatch-yolo  |          ^^^^^^^^^^^^^^^^
firewatch-yolo  |   File "/usr/local/lib/python3.11/site-packages/click/core.py", line 1269, in invoke
firewatch-yolo  |     return ctx.invoke(self.callback, **ctx.params)
firewatch-yolo  |            ^^^^^^^^^^^^^^^^^^^^^^^^^^^^^^^^^^^^^^^
firewatch-yolo  |   File "/usr/local/lib/python3.11/site-packages/click/core.py", line 824, in invoke
firewatch-yolo  |     return callback(*args, **kwargs)
firewatch-yolo  |            ^^^^^^^^^^^^^^^^^^^^^^^^^
firewatch-yolo  |   File "/usr/local/lib/python3.11/site-packages/uvicorn/main.py", line 433, in main
firewatch-yolo  |     run(
firewatch-yolo  |   File "/usr/local/lib/python3.11/site-packages/uvicorn/main.py", line 606, in run
firewatch-yolo  |     server.run()
firewatch-yolo  |   File "/usr/local/lib/python3.11/site-packages/uvicorn/server.py", line 75, in run
firewatch-yolo  |     return asyncio_run(self.serve(sockets=sockets), loop_factory=self.config.get_loop_factory())
firewatch-yolo  |            ^^^^^^^^^^^^^^^^^^^^^^^^^^^^^^^^^^^^^^^^^^^^^^^^^^^^^^^^^^^^^^^^^^^^^^^^^^^^^^^^^^^^^
firewatch-yolo  |   File "/usr/local/lib/python3.11/site-packages/uvicorn/_compat.py", line 30, in asyncio_run
firewatch-yolo  |     return runner.run(main)
firewatch-yolo  |            ^^^^^^^^^^^^^^^^
firewatch-yolo  |   File "/usr/local/lib/python3.11/asyncio/runners.py", line 118, in run
firewatch-yolo  |     return self._loop.run_until_complete(task)
firewatch-yolo  |            ^^^^^^^^^^^^^^^^^^^^^^^^^^^^^^^^^^^
firewatch-yolo  |   File "/usr/local/lib/python3.11/asyncio/base_events.py", line 654, in run_until_complete
firewatch-yolo  |     return future.result()
firewatch-yolo  |            ^^^^^^^^^^^^^^^
firewatch-yolo  |   File "/usr/local/lib/python3.11/site-packages/uvicorn/server.py", line 79, in serve
firewatch-yolo  |     await self._serve(sockets)
firewatch-yolo  |   File "/usr/local/lib/python3.11/site-packages/uvicorn/server.py", line 86, in _serve
firewatch-yolo  |     config.load()
firewatch-yolo  |   File "/usr/local/lib/python3.11/site-packages/uvicorn/config.py", line 441, in load
firewatch-yolo  |     self.loaded_app = import_from_string(self.app)
firewatch-yolo  |                       ^^^^^^^^^^^^^^^^^^^^^^^^^^^^
firewatch-yolo  |   File "/usr/local/lib/python3.11/site-packages/uvicorn/importer.py", line 19, in import_from_string
firewatch-yolo  |     module = importlib.import_module(module_str)
firewatch-yolo  |              ^^^^^^^^^^^^^^^^^^^^^^^^^^^^^^^^^^^
firewatch-yolo  |   File "/usr/local/lib/python3.11/importlib/__init__.py", line 126, in import_module
firewatch-yolo  |     return _bootstrap._gcd_import(name[level:], package, level)
firewatch-yolo  |            ^^^^^^^^^^^^^^^^^^^^^^^^^^^^^^^^^^^^^^^^^^^^^^^^^^^^
firewatch-yolo  |   File "<frozen importlib._bootstrap>", line 1204, in _gcd_import
firewatch-yolo  |   File "<frozen importlib._bootstrap>", line 1176, in _find_and_load
firewatch-yolo  |   File "<frozen importlib._bootstrap>", line 1147, in _find_and_load_unlocked
firewatch-yolo  |   File "<frozen importlib._bootstrap>", line 690, in _load_unlocked
firewatch-yolo  |   File "<frozen importlib._bootstrap_external>", line 940, in exec_module
firewatch-yolo  |   File "<frozen importlib._bootstrap>", line 241, in _call_with_frames_removed
firewatch-yolo  |   File "/app/main.py", line 5, in <module>
firewatch-yolo  |     import cv2
firewatch-yolo  |   File "/usr/local/lib/python3.11/site-packages/cv2/__init__.py", line 181, in <module>
firewatch-yolo  |     bootstrap()
firewatch-yolo  |   File "/usr/local/lib/python3.11/site-packages/cv2/__init__.py", line 153, in bootstrap
firewatch-yolo  |     native_module = importlib.import_module("cv2")
firewatch-yolo  |                     ^^^^^^^^^^^^^^^^^^^^^^^^^^^^^^
firewatch-yolo  |   File "/usr/local/lib/python3.11/importlib/__init__.py", line 126, in import_module
firewatch-yolo  |     return _bootstrap._gcd_import(name[level:], package, level)
firewatch-yolo  |            ^^^^^^^^^^^^^^^^^^^^^^^^^^^^^^^^^^^^^^^^^^^^^^^^^^^^
pulling manifest 
firewatch-yolo  | Traceback (most recent call last):
firewatch-yolo  |   File "/usr/local/bin/uvicorn", line 8, in <module>
firewatch-vlm   | pulling e554c6b9de01: 100% ▕██████████████████▏ 828 MB                         

firewatch-yolo  |     sys.exit(main())
firewatch-yolo  |              ^^^^^^
firewatch-yolo  |   File "/usr/local/lib/python3.11/site-packages/click/core.py", line 1485, in __call__
firewatch-yolo  |     return self.main(*args, **kwargs)
firewatch-yolo  |            ^^^^^^^^^^^^^^^^^^^^^^^^^^
firewatch-yolo  |   File "/usr/local/lib/python3.11/site-packages/click/core.py", line 1406, in main
firewatch-yolo  |     rv = self.invoke(ctx)
firewatch-yolo  |          ^^^^^^^^^^^^^^^^
firewatch-yolo  |   File "/usr/local/lib/python3.11/site-packages/click/core.py", line 1269, in invoke
firewatch-yolo  |     return ctx.invoke(self.callback, **ctx.params)
firewatch-yolo  |            ^^^^^^^^^^^^^^^^^^^^^^^^^^^^^^^^^^^^^^^
firewatch-yolo  |   File "/usr/local/lib/python3.11/site-packages/click/core.py", line 824, in invoke
firewatch-yolo  |     return callback(*args, **kwargs)
firewatch-yolo  |            ^^^^^^^^^^^^^^^^^^^^^^^^^
firewatch-yolo  |   File "/usr/local/lib/python3.11/site-packages/uvicorn/main.py", line 433, in main
firewatch-yolo  |     run(
firewatch-yolo  |   File "/usr/local/lib/python3.11/site-packages/uvicorn/main.py", line 606, in run
firewatch-yolo  |     server.run()
firewatch-yolo  |   File "/usr/local/lib/python3.11/site-packages/uvicorn/server.py", line 75, in run
firewatch-yolo  |     return asyncio_run(self.serve(sockets=sockets), loop_factory=self.config.get_loop_factory())
firewatch-yolo  |            ^^^^^^^^^^^^^^^^^^^^^^^^^^^^^^^^^^^^^^^^^^^^^^^^^^^^^^^^^^^^^^^^^^^^^^^^^^^^^^^^^^^^^
firewatch-yolo  |   File "/usr/local/lib/python3.11/site-packages/uvicorn/_compat.py", line 30, in asyncio_run
firewatch-yolo  |     return runner.run(main)
firewatch-yolo  |            ^^^^^^^^^^^^^^^^
firewatch-yolo  |   File "/usr/local/lib/python3.11/asyncio/runners.py", line 118, in run
firewatch-yolo  |     return self._loop.run_until_complete(task)
firewatch-yolo  |            ^^^^^^^^^^^^^^^^^^^^^^^^^^^^^^^^^^^
firewatch-yolo  |   File "/usr/local/lib/python3.11/asyncio/base_events.py", line 654, in run_until_complete
firewatch-yolo  |     return future.result()
firewatch-yolo  |            ^^^^^^^^^^^^^^^
firewatch-yolo  |   File "/usr/local/lib/python3.11/site-packages/uvicorn/server.py", line 79, in serve
firewatch-yolo  |     await self._serve(sockets)
firewatch-yolo  |   File "/usr/local/lib/python3.11/site-packages/uvicorn/server.py", line 86, in _serve
firewatch-yolo  |     config.load()
firewatch-yolo  |   File "/usr/local/lib/python3.11/site-packages/uvicorn/config.py", line 441, in load
firewatch-yolo  |     self.loaded_app = import_from_string(self.app)
firewatch-yolo  |                       ^^^^^^^^^^^^^^^^^^^^^^^^^^^^
firewatch-yolo  |   File "/usr/local/lib/python3.11/site-packages/uvicorn/importer.py", line 19, in import_from_string
firewatch-yolo  |     module = importlib.import_module(module_str)
firewatch-yolo  |              ^^^^^^^^^^^^^^^^^^^^^^^^^^^^^^^^^^^
firewatch-yolo  |   File "/usr/local/lib/python3.11/importlib/__init__.py", line 126, in import_module
firewatch-yolo  |     return _bootstrap._gcd_import(name[level:], package, level)
firewatch-yolo  |            ^^^^^^^^^^^^^^^^^^^^^^^^^^^^^^^^^^^^^^^^^^^^^^^^^^^^
firewatch-yolo  |   File "<frozen importlib._bootstrap>", line 1204, in _gcd_import
firewatch-yolo  |   File "<frozen importlib._bootstrap>", line 1176, in _find_and_load
firewatch-yolo  |   File "<frozen importlib._bootstrap>", line 1147, in _find_and_load_unlocked
firewatch-yolo  |   File "<frozen importlib._bootstrap>", line 690, in _load_unlocked
firewatch-yolo  |   File "<frozen importlib._bootstrap_external>", line 940, in exec_module
firewatch-yolo  |   File "<frozen importlib._bootstrap>", line 241, in _call_with_frames_removed
firewatch-yolo  |   File "/app/main.py", line 5, in <module>
firewatch-yolo  |     import cv2
firewatch-yolo  |   File "/usr/local/lib/python3.11/site-packages/cv2/__init__.py", line 181, in <module>
firewatch-yolo  |     bootstrap()
firewatch-yolo  |   File "/usr/local/lib/python3.11/site-packages/cv2/__init__.py", line 153, in bootstrap
firewatch-yolo  |     native_module = importlib.import_module("cv2")
firewatch-yolo  |                     ^^^^^^^^^^^^^^^^^^^^^^^^^^^^^^
firewatch-yolo  |   File "/usr/local/lib/python3.11/importlib/__init__.py", line 126, in import_module
firewatch-yolo  |     return _bootstrap._gcd_import(name[level:], package, level)
firewatch-yolo  |            ^^^^^^^^^^^^^^^^^^^^^^^^^^^^^^^^^^^^^^^^^^^^^^^^^^^^
firewatch-yolo  | ImportError: libGL.so.1: cannot open shared object file: No such file or directory
firewatch-yolo  | Traceback (most recent call last):
firewatch-yolo  |   File "/usr/local/bin/uvicorn", line 8, in <module>
firewatch-yolo  |     sys.exit(main())
firewatch-yolo  |              ^^^^^^
firewatch-yolo  |   File "/usr/local/lib/python3.11/site-packages/click/core.py", line 1485, in __call__
firewatch-yolo  |     return self.main(*args, **kwargs)
firewatch-yolo  |            ^^^^^^^^^^^^^^^^^^^^^^^^^^
firewatch-yolo  |   File "/usr/local/lib/python3.11/site-packages/click/core.py", line 1406, in main
firewatch-yolo  |     rv = self.invoke(ctx)
firewatch-yolo  |          ^^^^^^^^^^^^^^^^
firewatch-yolo  |   File "/usr/local/lib/python3.11/site-packages/click/core.py", line 1269, in invoke
firewatch-yolo  |     return ctx.invoke(self.callback, **ctx.params)
firewatch-yolo  |            ^^^^^^^^^^^^^^^^^^^^^^^^^^^^^^^^^^^^^^^
firewatch-yolo  |   File "/usr/local/lib/python3.11/site-packages/click/core.py", line 824, in invoke
firewatch-yolo  |     return callback(*args, **kwargs)
firewatch-yolo  |            ^^^^^^^^^^^^^^^^^^^^^^^^^
firewatch-yolo  |   File "/usr/local/lib/python3.11/site-packages/uvicorn/main.py", line 433, in main
firewatch-yolo  |     run(
firewatch-yolo  |   File "/usr/local/lib/python3.11/site-packages/uvicorn/main.py", line 606, in run
firewatch-yolo  |     server.run()
firewatch-yolo  |   File "/usr/local/lib/python3.11/site-packages/uvicorn/server.py", line 75, in run
firewatch-yolo  |     return asyncio_run(self.serve(sockets=sockets), loop_factory=self.config.get_loop_factory())
firewatch-yolo  |            ^^^^^^^^^^^^^^^^^^^^^^^^^^^^^^^^^^^^^^^^^^^^^^^^^^^^^^^^^^^^^^^^^^^^^^^^^^^^^^^^^^^^^
firewatch-yolo  |   File "/usr/local/lib/python3.11/site-packages/uvicorn/_compat.py", line 30, in asyncio_run
firewatch-yolo  |     return runner.run(main)
firewatch-yolo  |            ^^^^^^^^^^^^^^^^
firewatch-yolo  |   File "/usr/local/lib/python3.11/asyncio/runners.py", line 118, in run
firewatch-yolo  |     return self._loop.run_until_complete(task)
firewatch-yolo  |            ^^^^^^^^^^^^^^^^^^^^^^^^^^^^^^^^^^^
firewatch-yolo  |   File "/usr/local/lib/python3.11/asyncio/base_events.py", line 654, in run_until_complete
firewatch-yolo  |     return future.result()
firewatch-yolo  |            ^^^^^^^^^^^^^^^
firewatch-yolo  |   File "/usr/local/lib/python3.11/site-packages/uvicorn/server.py", line 79, in serve
firewatch-yolo  |     await self._serve(sockets)
firewatch-yolo  |   File "/usr/local/lib/python3.11/site-packages/uvicorn/server.py", line 86, in _serve
firewatch-yolo  |     config.load()
firewatch-yolo  |   File "/usr/local/lib/python3.11/site-packages/uvicorn/config.py", line 441, in load
firewatch-yolo  |     self.loaded_app = import_from_string(self.app)
firewatch-yolo  |                       ^^^^^^^^^^^^^^^^^^^^^^^^^^^^
firewatch-yolo  |   File "/usr/local/lib/python3.11/site-packages/uvicorn/importer.py", line 19, in import_from_string
firewatch-yolo  |     module = importlib.import_module(module_str)
firewatch-yolo  |              ^^^^^^^^^^^^^^^^^^^^^^^^^^^^^^^^^^^
firewatch-yolo  |   File "/usr/local/lib/python3.11/importlib/__init__.py", line 126, in import_module
firewatch-yolo  |     return _bootstrap._gcd_import(name[level:], package, level)
firewatch-yolo  |            ^^^^^^^^^^^^^^^^^^^^^^^^^^^^^^^^^^^^^^^^^^^^^^^^^^^^
firewatch-yolo  |   File "<frozen importlib._bootstrap>", line 1204, in _gcd_import
firewatch-yolo  |   File "<frozen importlib._bootstrap>", line 1176, in _find_and_load
firewatch-yolo  |   File "<frozen importlib._bootstrap>", line 1147, in _find_and_load_unlocked
firewatch-yolo  |   File "<frozen importlib._bootstrap>", line 690, in _load_unlocked
firewatch-yolo  |   File "<frozen importlib._bootstrap_external>", line 940, in exec_module
firewatch-yolo  |   File "<frozen importlib._bootstrap>", line 241, in _call_with_frames_removed
firewatch-yolo  |   File "/app/main.py", line 5, in <module>
firewatch-yolo  |     import cv2
firewatch-yolo  |   File "/usr/local/lib/python3.11/site-packages/cv2/__init__.py", line 181, in <module>
firewatch-yolo  |     bootstrap()
firewatch-yolo  |   File "/usr/local/lib/python3.11/site-packages/cv2/__init__.py", line 153, in bootstrap
firewatch-yolo  |     native_module = importlib.import_module("cv2")
firewatch-yolo  |                     ^^^^^^^^^^^^^^^^^^^^^^^^^^^^^^
firewatch-yolo  |   File "/usr/local/lib/python3.11/importlib/__init__.py", line 126, in import_module
firewatch-yolo  |     return _bootstrap._gcd_import(name[level:], package, level)
firewatch-yolo  |            ^^^^^^^^^^^^^^^^^^^^^^^^^^^^^^^^^^^^^^^^^^^^^^^^^^^^
firewatch-yolo  | ImportError: libGL.so.1: cannot open shared object file: No such file or directory
firewatch-yolo  | Traceback (most recent call last):
firewatch-yolo  |   File "/usr/local/bin/uvicorn", line 8, in <module>
firewatch-yolo  |     sys.exit(main())
firewatch-yolo  |              ^^^^^^
firewatch-yolo  |   File "/usr/local/lib/python3.11/site-packages/click/core.py", line 1485, in __call__
firewatch-yolo  |     return self.main(*args, **kwargs)
firewatch-yolo  |            ^^^^^^^^^^^^^^^^^^^^^^^^^^
firewatch-yolo  |   File "/usr/local/lib/python3.11/site-packages/click/core.py", line 1406, in main
firewatch-yolo  |     rv = self.invoke(ctx)
firewatch-yolo  |          ^^^^^^^^^^^^^^^^
firewatch-yolo  |   File "/usr/local/lib/python3.11/site-packages/click/core.py", line 1269, in invoke
firewatch-yolo  |     return ctx.invoke(self.callback, **ctx.params)
firewatch-yolo  |            ^^^^^^^^^^^^^^^^^^^^^^^^^^^^^^^^^^^^^^^
firewatch-yolo  |   File "/usr/local/lib/python3.11/site-packages/click/core.py", line 824, in invoke
firewatch-yolo  |     return callback(*args, **kwargs)
pulling manifest 



firewatch-vlm   | pulling e554c6b9de01: 100% ▕██████████████████▏ 828 MB                         
firewatch-yolo  |   File "/usr/local/lib/python3.11/site-packages/uvicorn/main.py", line 433, in main
firewatch-yolo  |     run(
firewatch-yolo  |   File "/usr/local/lib/python3.11/site-packages/uvicorn/main.py", line 606, in run
firewatch-yolo  |     server.run()
firewatch-yolo  |   File "/usr/local/lib/python3.11/site-packages/uvicorn/server.py", line 75, in run
firewatch-yolo  |     return asyncio_run(self.serve(sockets=sockets), loop_factory=self.config.get_loop_factory())
firewatch-yolo  |            ^^^^^^^^^^^^^^^^^^^^^^^^^^^^^^^^^^^^^^^^^^^^^^^^^^^^^^^^^^^^^^^^^^^^^^^^^^^^^^^^^^^^^
firewatch-yolo  |   File "/usr/local/lib/python3.11/site-packages/uvicorn/_compat.py", line 30, in asyncio_run
firewatch-yolo  |     return runner.run(main)
firewatch-yolo  |            ^^^^^^^^^^^^^^^^
firewatch-yolo  |   File "/usr/local/lib/python3.11/asyncio/runners.py", line 118, in run
firewatch-yolo  |     return self._loop.run_until_complete(task)
firewatch-yolo  |            ^^^^^^^^^^^^^^^^^^^^^^^^^^^^^^^^^^^
firewatch-yolo  |   File "/usr/local/lib/python3.11/asyncio/base_events.py", line 654, in run_until_complete
firewatch-yolo  |     return future.result()
firewatch-yolo  |            ^^^^^^^^^^^^^^^
firewatch-yolo  |   File "/usr/local/lib/python3.11/site-packages/uvicorn/server.py", line 79, in serve
firewatch-yolo  |     await self._serve(sockets)
firewatch-yolo  |   File "/usr/local/lib/python3.11/site-packages/uvicorn/server.py", line 86, in _serve
firewatch-yolo  |     config.load()
firewatch-yolo  |   File "/usr/local/lib/python3.11/site-packages/uvicorn/config.py", line 441, in load
firewatch-yolo  |     self.loaded_app = import_from_string(self.app)
firewatch-yolo  |                       ^^^^^^^^^^^^^^^^^^^^^^^^^^^^
firewatch-yolo  |   File "/usr/local/lib/python3.11/site-packages/uvicorn/importer.py", line 19, in import_from_string
firewatch-yolo  |     module = importlib.import_module(module_str)
firewatch-yolo  |              ^^^^^^^^^^^^^^^^^^^^^^^^^^^^^^^^^^^
firewatch-yolo  |   File "/usr/local/lib/python3.11/importlib/__init__.py", line 126, in import_module
firewatch-yolo  |     return _bootstrap._gcd_import(name[level:], package, level)
firewatch-yolo  |            ^^^^^^^^^^^^^^^^^^^^^^^^^^^^^^^^^^^^^^^^^^^^^^^^^^^^
firewatch-yolo  |   File "<frozen importlib._bootstrap>", line 1204, in _gcd_import
firewatch-yolo  |   File "<frozen importlib._bootstrap>", line 1176, in _find_and_load
firewatch-yolo  |   File "<frozen importlib._bootstrap>", line 1147, in _find_and_load_unlocked
firewatch-yolo  |   File "<frozen importlib._bootstrap>", line 690, in _load_unlocked
firewatch-yolo  |   File "<frozen importlib._bootstrap_external>", line 940, in exec_module
firewatch-yolo  |   File "<frozen importlib._bootstrap>", line 241, in _call_with_frames_removed
firewatch-yolo  |   File "/app/main.py", line 5, in <module>
firewatch-yolo  |     import cv2
firewatch-yolo  |   File "/usr/local/lib/python3.11/site-packages/cv2/__init__.py", line 181, in <module>
firewatch-yolo  |     bootstrap()
firewatch-yolo  |   File "/usr/local/lib/python3.11/site-packages/cv2/__init__.py", line 153, in bootstrap
firewatch-yolo  |     native_module = importlib.import_module("cv2")
firewatch-yolo  |                     ^^^^^^^^^^^^^^^^^^^^^^^^^^^^^^
firewatch-yolo  |   File "/usr/local/lib/python3.11/importlib/__init__.py", line 126, in import_module
firewatch-yolo  |     return _bootstrap._gcd_import(name[level:], package, level)
firewatch-yolo  |            ^^^^^^^^^^^^^^^^^^^^^^^^^^^^^^^^^^^^^^^^^^^^^^^^^^^^
firewatch-yolo  | ImportError: libGL.so.1: cannot open shared object file: No such file or directory
firewatch-yolo  | Traceback (most recent call last):
firewatch-yolo  |   File "/usr/local/bin/uvicorn", line 8, in <module>
firewatch-yolo  |     sys.exit(main())
firewatch-yolo  |              ^^^^^^
firewatch-yolo  |   File "/usr/local/lib/python3.11/site-packages/click/core.py", line 1485, in __call__
firewatch-yolo  |     return self.main(*args, **kwargs)
firewatch-yolo  |            ^^^^^^^^^^^^^^^^^^^^^^^^^^
firewatch-yolo  |   File "/usr/local/lib/python3.11/site-packages/click/core.py", line 1406, in main
firewatch-yolo  |     rv = self.invoke(ctx)
firewatch-yolo  |          ^^^^^^^^^^^^^^^^
firewatch-yolo  |   File "/usr/local/lib/python3.11/site-packages/click/core.py", line 1269, in invoke
firewatch-yolo  |     return ctx.invoke(self.callback, **ctx.params)
firewatch-yolo  |            ^^^^^^^^^^^^^^^^^^^^^^^^^^^^^^^^^^^^^^^
firewatch-yolo  |   File "/usr/local/lib/python3.11/site-packages/click/core.py", line 824, in invoke
firewatch-yolo  |     return callback(*args, **kwargs)
firewatch-yolo  |            ^^^^^^^^^^^^^^^^^^^^^^^^^
firewatch-yolo  |   File "/usr/local/lib/python3.11/site-packages/uvicorn/main.py", line 433, in main
firewatch-yolo  |     run(
firewatch-yolo  |   File "/usr/local/lib/python3.11/site-packages/uvicorn/main.py", line 606, in run
firewatch-yolo  |     server.run()
firewatch-yolo  |   File "/usr/local/lib/python3.11/site-packages/uvicorn/server.py", line 75, in run
firewatch-yolo  |     return asyncio_run(self.serve(sockets=sockets), loop_factory=self.config.get_loop_factory())
firewatch-yolo  |            ^^^^^^^^^^^^^^^^^^^^^^^^^^^^^^^^^^^^^^^^^^^^^^^^^^^^^^^^^^^^^^^^^^^^^^^^^^^^^^^^^^^^^
firewatch-yolo  |   File "/usr/local/lib/python3.11/site-packages/uvicorn/_compat.py", line 30, in asyncio_run
firewatch-yolo  |     return runner.run(main)
firewatch-yolo  |            ^^^^^^^^^^^^^^^^
firewatch-yolo  |   File "/usr/local/lib/python3.11/asyncio/runners.py", line 118, in run
firewatch-yolo  |     return self._loop.run_until_complete(task)
firewatch-yolo  |            ^^^^^^^^^^^^^^^^^^^^^^^^^^^^^^^^^^^
firewatch-yolo  |   File "/usr/local/lib/python3.11/asyncio/base_events.py", line 654, in run_until_complete
firewatch-yolo  |     return future.result()
firewatch-yolo  |            ^^^^^^^^^^^^^^^
firewatch-yolo  |   File "/usr/local/lib/python3.11/site-packages/uvicorn/server.py", line 79, in serve
firewatch-yolo  |     await self._serve(sockets)
firewatch-yolo  |   File "/usr/local/lib/python3.11/site-packages/uvicorn/server.py", line 86, in _serve
firewatch-yolo  |     config.load()
firewatch-yolo  |   File "/usr/local/lib/python3.11/site-packages/uvicorn/config.py", line 441, in load
firewatch-yolo  |     self.loaded_app = import_from_string(self.app)
firewatch-yolo  |                       ^^^^^^^^^^^^^^^^^^^^^^^^^^^^
firewatch-yolo  |   File "/usr/local/lib/python3.11/site-packages/uvicorn/importer.py", line 19, in import_from_string
firewatch-yolo  |     module = importlib.import_module(module_str)
firewatch-yolo  |              ^^^^^^^^^^^^^^^^^^^^^^^^^^^^^^^^^^^
firewatch-yolo  |   File "/usr/local/lib/python3.11/importlib/__init__.py", line 126, in import_module
firewatch-yolo  |     return _bootstrap._gcd_import(name[level:], package, level)
firewatch-yolo  |            ^^^^^^^^^^^^^^^^^^^^^^^^^^^^^^^^^^^^^^^^^^^^^^^^^^^^
firewatch-yolo  |   File "<frozen importlib._bootstrap>", line 1204, in _gcd_import
firewatch-yolo  |   File "<frozen importlib._bootstrap>", line 1176, in _find_and_load
firewatch-yolo  |   File "<frozen importlib._bootstrap>", line 1147, in _find_and_load_unlocked
firewatch-yolo  |   File "<frozen importlib._bootstrap>", line 690, in _load_unlocked
firewatch-yolo  |   File "<frozen importlib._bootstrap_external>", line 940, in exec_module
firewatch-yolo  |   File "<frozen importlib._bootstrap>", line 241, in _call_with_frames_removed
firewatch-yolo  |   File "/app/main.py", line 5, in <module>
firewatch-yolo  |     import cv2
firewatch-yolo  |   File "/usr/local/lib/python3.11/site-packages/cv2/__init__.py", line 181, in <module>
firewatch-yolo  |     bootstrap()
firewatch-yolo  |   File "/usr/local/lib/python3.11/site-packages/cv2/__init__.py", line 153, in bootstrap
firewatch-yolo  |     native_module = importlib.import_module("cv2")
firewatch-yolo  |                     ^^^^^^^^^^^^^^^^^^^^^^^^^^^^^^
firewatch-yolo  |   File "/usr/local/lib/python3.11/importlib/__init__.py", line 126, in import_module
firewatch-yolo  |     return _bootstrap._gcd_import(name[level:], package, level)
firewatch-yolo  |            ^^^^^^^^^^^^^^^^^^^^^^^^^^^^^^^^^^^^^^^^^^^^^^^^^^^^
firewatch-yolo  | ImportError: libGL.so.1: cannot open shared object file: No such file or directory
firewatch-yolo  | Traceback (most recent call last):
firewatch-yolo  |   File "/usr/local/bin/uvicorn", line 8, in <module>
firewatch-yolo  |     sys.exit(main())
firewatch-yolo  |              ^^^^^^
firewatch-yolo  |   File "/usr/local/lib/python3.11/site-packages/click/core.py", line 1485, in __call__
firewatch-yolo  |     return self.main(*args, **kwargs)
firewatch-yolo  |            ^^^^^^^^^^^^^^^^^^^^^^^^^^
firewatch-yolo  |   File "/usr/local/lib/python3.11/site-packages/click/core.py", line 1406, in main
firewatch-yolo  |     rv = self.invoke(ctx)
firewatch-yolo  |          ^^^^^^^^^^^^^^^^
firewatch-yolo  |   File "/usr/local/lib/python3.11/site-packages/click/core.py", line 1269, in invoke
firewatch-yolo  |     return ctx.invoke(self.callback, **ctx.params)
firewatch-yolo  |            ^^^^^^^^^^^^^^^^^^^^^^^^^^^^^^^^^^^^^^^
firewatch-yolo  |   File "/usr/local/lib/python3.11/site-packages/click/core.py", line 824, in invoke
firewatch-yolo  |     return callback(*args, **kwargs)
firewatch-yolo  |            ^^^^^^^^^^^^^^^^^^^^^^^^^
firewatch-yolo  |   File "/usr/local/lib/python3.11/site-packages/uvicorn/main.py", line 433, in main
firewatch-yolo  |     run(
firewatch-yolo  |   File "/usr/local/lib/python3.11/site-packages/uvicorn/main.py", line 606, in run
firewatch-yolo  |     server.run()
firewatch-yolo  |   File "/usr/local/lib/python3.11/site-packages/uvicorn/server.py", line 75, in run
firewatch-yolo  |     return asyncio_run(self.serve(sockets=sockets), loop_factory=self.config.get_loop_factory())
firewatch-yolo  |            ^^^^^^^^^^^^^^^^^^^^^^^^^^^^^^^^^^^^^^^^^^^^^^^^^^^^^^^^^^^^^^^^^^^^^^^^^^^^^^^^^^^^^
firewatch-yolo  |   File "/usr/local/lib/python3.11/site-packages/uvicorn/_compat.py", line 30, in asyncio_run
firewatch-yolo  |     return runner.run(main)
firewatch-yolo  |            ^^^^^^^^^^^^^^^^
firewatch-yolo  |   File "/usr/local/lib/python3.11/asyncio/runners.py", line 118, in run
firewatch-yolo  |     return self._loop.run_until_complete(task)
firewatch-yolo  |            ^^^^^^^^^^^^^^^^^^^^^^^^^^^^^^^^^^^
firewatch-yolo  |   File "/usr/local/lib/python3.11/asyncio/base_events.py", line 654, in run_until_complete
firewatch-yolo  |     return future.result()
firewatch-yolo  |            ^^^^^^^^^^^^^^^
firewatch-yolo  |   File "/usr/local/lib/python3.11/site-packages/uvicorn/server.py", line 79, in serve

pulling manifest 




firewatch-yolo  |   File "/usr/local/lib/python3.11/site-packages/uvicorn/server.py", line 86, in _serve
firewatch-yolo  |     config.load()
firewatch-yolo  |   File "/usr/local/lib/python3.11/site-packages/uvicorn/config.py", line 441, in load
firewatch-yolo  |     self.loaded_app = import_from_string(self.app)
firewatch-yolo  |                       ^^^^^^^^^^^^^^^^^^^^^^^^^^^^
firewatch-yolo  |   File "/usr/local/lib/python3.11/site-packages/uvicorn/importer.py", line 19, in import_from_string
firewatch-yolo  |     module = importlib.import_module(module_str)
firewatch-yolo  |              ^^^^^^^^^^^^^^^^^^^^^^^^^^^^^^^^^^^
firewatch-yolo  |   File "/usr/local/lib/python3.11/importlib/__init__.py", line 126, in import_module
firewatch-yolo  |     return _bootstrap._gcd_import(name[level:], package, level)
firewatch-yolo  |            ^^^^^^^^^^^^^^^^^^^^^^^^^^^^^^^^^^^^^^^^^^^^^^^^^^^^
firewatch-yolo  |   File "<frozen importlib._bootstrap>", line 1204, in _gcd_import
firewatch-yolo  |   File "<frozen importlib._bootstrap>", line 1176, in _find_and_load
firewatch-yolo  |   File "<frozen importlib._bootstrap>", line 1147, in _find_and_load_unlocked
firewatch-yolo  |   File "<frozen importlib._bootstrap>", line 690, in _load_unlocked
firewatch-yolo  |   File "<frozen importlib._bootstrap_external>", line 940, in exec_module
firewatch-yolo  |   File "<frozen importlib._bootstrap>", line 241, in _call_with_frames_removed
firewatch-yolo  |   File "/app/main.py", line 5, in <module>
firewatch-yolo  |     import cv2
firewatch-yolo  |   File "/usr/local/lib/python3.11/site-packages/cv2/__init__.py", line 181, in <module>
firewatch-yolo  |     bootstrap()
firewatch-yolo  |   File "/usr/local/lib/python3.11/site-packages/cv2/__init__.py", line 153, in bootstrap
firewatch-yolo  |     native_module = importlib.import_module("cv2")
firewatch-yolo  |                     ^^^^^^^^^^^^^^^^^^^^^^^^^^^^^^
firewatch-yolo  |   File "/usr/local/lib/python3.11/importlib/__init__.py", line 126, in import_module
firewatch-yolo  |     return _bootstrap._gcd_import(name[level:], package, level)
firewatch-yolo  |            ^^^^^^^^^^^^^^^^^^^^^^^^^^^^^^^^^^^^^^^^^^^^^^^^^^^^
firewatch-yolo  | ImportError: libGL.so.1: cannot open shared object file: No such file or directory
firewatch-yolo  | Traceback (most recent call last):
firewatch-yolo  |   File "/usr/local/bin/uvicorn", line 8, in <module>
firewatch-yolo  |     sys.exit(main())
firewatch-yolo  |              ^^^^^^
firewatch-yolo  |   File "/usr/local/lib/python3.11/site-packages/click/core.py", line 1485, in __call__
firewatch-yolo  |     return self.main(*args, **kwargs)
firewatch-yolo  |            ^^^^^^^^^^^^^^^^^^^^^^^^^^
firewatch-yolo  |   File "/usr/local/lib/python3.11/site-packages/click/core.py", line 1406, in main
firewatch-yolo  |     rv = self.invoke(ctx)
firewatch-yolo  |          ^^^^^^^^^^^^^^^^
firewatch-yolo  |   File "/usr/local/lib/python3.11/site-packages/click/core.py", line 1269, in invoke
firewatch-yolo  |     return ctx.invoke(self.callback, **ctx.params)
firewatch-yolo  |            ^^^^^^^^^^^^^^^^^^^^^^^^^^^^^^^^^^^^^^^
firewatch-yolo  |   File "/usr/local/lib/python3.11/site-packages/click/core.py", line 824, in invoke
firewatch-yolo  |     return callback(*args, **kwargs)
firewatch-yolo  |            ^^^^^^^^^^^^^^^^^^^^^^^^^
firewatch-yolo  |   File "/usr/local/lib/python3.11/site-packages/uvicorn/main.py", line 433, in main
firewatch-yolo  |     run(
firewatch-yolo  |   File "/usr/local/lib/python3.11/site-packages/uvicorn/main.py", line 606, in run
firewatch-yolo  |     server.run()
firewatch-yolo  |   File "/usr/local/lib/python3.11/site-packages/uvicorn/server.py", line 75, in run
firewatch-yolo  |     return asyncio_run(self.serve(sockets=sockets), loop_factory=self.config.get_loop_factory())
firewatch-yolo  |            ^^^^^^^^^^^^^^^^^^^^^^^^^^^^^^^^^^^^^^^^^^^^^^^^^^^^^^^^^^^^^^^^^^^^^^^^^^^^^^^^^^^^^
firewatch-yolo  |   File "/usr/local/lib/python3.11/site-packages/uvicorn/_compat.py", line 30, in asyncio_run
firewatch-yolo  |     return runner.run(main)
firewatch-yolo  |            ^^^^^^^^^^^^^^^^
firewatch-yolo  |   File "/usr/local/lib/python3.11/asyncio/runners.py", line 118, in run
firewatch-yolo  |     return self._loop.run_until_complete(task)
firewatch-yolo  |            ^^^^^^^^^^^^^^^^^^^^^^^^^^^^^^^^^^^
firewatch-yolo  |   File "/usr/local/lib/python3.11/asyncio/base_events.py", line 654, in run_until_complete
firewatch-yolo  |     return future.result()
firewatch-yolo  |            ^^^^^^^^^^^^^^^
firewatch-yolo  |   File "/usr/local/lib/python3.11/site-packages/uvicorn/server.py", line 79, in serve
firewatch-yolo  |     await self._serve(sockets)
firewatch-yolo  |   File "/usr/local/lib/python3.11/site-packages/uvicorn/server.py", line 86, in _serve
firewatch-yolo  |     config.load()
firewatch-yolo  |   File "/usr/local/lib/python3.11/site-packages/uvicorn/config.py", line 441, in load
firewatch-yolo  |     self.loaded_app = import_from_string(self.app)
firewatch-yolo  |                       ^^^^^^^^^^^^^^^^^^^^^^^^^^^^
firewatch-yolo  |   File "/usr/local/lib/python3.11/site-packages/uvicorn/importer.py", line 19, in import_from_string
firewatch-yolo  |     module = importlib.import_module(module_str)
firewatch-yolo  |              ^^^^^^^^^^^^^^^^^^^^^^^^^^^^^^^^^^^
firewatch-yolo  |   File "/usr/local/lib/python3.11/importlib/__init__.py", line 126, in import_module
firewatch-yolo  |     return _bootstrap._gcd_import(name[level:], package, level)
firewatch-yolo  |            ^^^^^^^^^^^^^^^^^^^^^^^^^^^^^^^^^^^^^^^^^^^^^^^^^^^^
firewatch-yolo  |   File "<frozen importlib._bootstrap>", line 1204, in _gcd_import
firewatch-yolo  |   File "<frozen importlib._bootstrap>", line 1176, in _find_and_load
firewatch-yolo  |   File "<frozen importlib._bootstrap>", line 1147, in _find_and_load_unlocked
firewatch-yolo  |   File "<frozen importlib._bootstrap>", line 690, in _load_unlocked
firewatch-yolo  |   File "<frozen importlib._bootstrap_external>", line 940, in exec_module
firewatch-yolo  |   File "<frozen importlib._bootstrap>", line 241, in _call_with_frames_removed
firewatch-yolo  |   File "/app/main.py", line 5, in <module>
firewatch-yolo  |     import cv2
firewatch-yolo  |   File "/usr/local/lib/python3.11/site-packages/cv2/__init__.py", line 181, in <module>
firewatch-yolo  |     bootstrap()
firewatch-yolo  |   File "/usr/local/lib/python3.11/site-packages/cv2/__init__.py", line 153, in bootstrap
firewatch-yolo  |     native_module = importlib.import_module("cv2")
firewatch-yolo  |                     ^^^^^^^^^^^^^^^^^^^^^^^^^^^^^^
firewatch-yolo  |   File "/usr/local/lib/python3.11/importlib/__init__.py", line 126, in import_module
firewatch-yolo  |     return _bootstrap._gcd_import(name[level:], package, level)
firewatch-yolo  |            ^^^^^^^^^^^^^^^^^^^^^^^^^^^^^^^^^^^^^^^^^^^^^^^^^^^^
firewatch-yolo  | ImportError: libGL.so.1: cannot open shared object file: No such file or directory
firewatch-yolo  | Traceback (most recent call last):
firewatch-yolo  |   File "/usr/local/bin/uvicorn", line 8, in <module>
firewatch-yolo  |     sys.exit(main())
firewatch-yolo  |              ^^^^^^
firewatch-yolo  |   File "/usr/local/lib/python3.11/site-packages/click/core.py", line 1485, in __call__
firewatch-yolo  |     return self.main(*args, **kwargs)
firewatch-yolo  |            ^^^^^^^^^^^^^^^^^^^^^^^^^^
firewatch-yolo  |   File "/usr/local/lib/python3.11/site-packages/click/core.py", line 1406, in main
firewatch-yolo  |     rv = self.invoke(ctx)
firewatch-yolo  |          ^^^^^^^^^^^^^^^^
firewatch-yolo  |   File "/usr/local/lib/python3.11/site-packages/click/core.py", line 1269, in invoke
firewatch-yolo  |     return ctx.invoke(self.callback, **ctx.params)
firewatch-yolo  |            ^^^^^^^^^^^^^^^^^^^^^^^^^^^^^^^^^^^^^^^
firewatch-yolo  |   File "/usr/local/lib/python3.11/site-packages/click/core.py", line 824, in invoke
firewatch-yolo  |     return callback(*args, **kwargs)
firewatch-yolo  |            ^^^^^^^^^^^^^^^^^^^^^^^^^
firewatch-yolo  |   File "/usr/local/lib/python3.11/site-packages/uvicorn/main.py", line 433, in main
firewatch-yolo  |     run(
firewatch-yolo  |   File "/usr/local/lib/python3.11/site-packages/uvicorn/main.py", line 606, in run
firewatch-yolo  |     server.run()
firewatch-yolo  |   File "/usr/local/lib/python3.11/site-packages/uvicorn/server.py", line 75, in run
firewatch-yolo  |     return asyncio_run(self.serve(sockets=sockets), loop_factory=self.config.get_loop_factory())
firewatch-yolo  |            ^^^^^^^^^^^^^^^^^^^^^^^^^^^^^^^^^^^^^^^^^^^^^^^^^^^^^^^^^^^^^^^^^^^^^^^^^^^^^^^^^^^^^
firewatch-yolo  |   File "/usr/local/lib/python3.11/site-packages/uvicorn/_compat.py", line 30, in asyncio_run
firewatch-yolo  |     return runner.run(main)
firewatch-yolo  |            ^^^^^^^^^^^^^^^^
firewatch-yolo  |   File "/usr/local/lib/python3.11/asyncio/runners.py", line 118, in run
firewatch-yolo  |     return self._loop.run_until_complete(task)
firewatch-yolo  |            ^^^^^^^^^^^^^^^^^^^^^^^^^^^^^^^^^^^
firewatch-yolo  |   File "/usr/local/lib/python3.11/asyncio/base_events.py", line 654, in run_until_complete
firewatch-yolo  |     return future.result()
firewatch-yolo  |            ^^^^^^^^^^^^^^^
firewatch-yolo  |   File "/usr/local/lib/python3.11/site-packages/uvicorn/server.py", line 79, in serve
firewatch-yolo  |     await self._serve(sockets)
firewatch-yolo  |   File "/usr/local/lib/python3.11/site-packages/uvicorn/server.py", line 86, in _serve
firewatch-yolo  |     config.load()
firewatch-yolo  |   File "/usr/local/lib/python3.11/site-packages/uvicorn/config.py", line 441, in load
firewatch-yolo  |     self.loaded_app = import_from_string(self.app)
firewatch-yolo  |                       ^^^^^^^^^^^^^^^^^^^^^^^^^^^^
firewatch-yolo  |   File "/usr/local/lib/python3.11/site-packages/uvicorn/importer.py", line 19, in import_from_string
firewatch-yolo  |     module = importlib.import_module(module_str)
firewatch-yolo  |              ^^^^^^^^^^^^^^^^^^^^^^^^^^^^^^^^^^^
firewatch-yolo  |   File "/usr/local/lib/python3.11/importlib/__init__.py", line 126, in import_module
firewatch-yolo  |     return _bootstrap._gcd_import(name[level:], package, level)
firewatch-yolo  |            ^^^^^^^^^^^^^^^^^^^^^^^^^^^^^^^^^^^^^^^^^^^^^^^^^^^^
firewatch-yolo  |   File "<frozen importlib._bootstrap>", line 1204, in _gcd_import
firewatch-yolo  |   File "<frozen importlib._bootstrap>", line 1176, in _find_and_load
firewatch-yolo  |   File "<frozen importlib._bootstrap>", line 1147, in _find_and_load_unlocked
firewatch-yolo  |   File "<frozen importlib._bootstrap>", line 690, in _load_unlocked
firewatch-yolo  |   File "<frozen importlib._bootstrap_external>", line 940, in exec_module
firewatch-yolo  |   File "<frozen importlib._bootstrap>", line 241, in _call_with_frames_removed
firewatch-yolo  |   File "/app/main.py", line 5, in <module>
firewatch-yolo  |     import cv2
firewatch-yolo  |   File "/usr/local/lib/python3.11/site-packages/cv2/__init__.py", line 181, in <module>
firewatch-yolo  |     bootstrap()
firewatch-yolo  |   File "/usr/local/lib/python3.11/site-packages/cv2/__init__.py", line 153, in bootstrap
firewatch-yolo  |     native_module = importlib.import_module("cv2")
firewatch-yolo  |                     ^^^^^^^^^^^^^^^^^^^^^^^^^^^^^^
firewatch-yolo  |   File "/usr/local/lib/python3.11/importlib/__init__.py", line 126, in import_module
firewatch-yolo  |     return _bootstrap._gcd_import(name[level:], package, level)
firewatch-yolo  |            ^^^^^^^^^^^^^^^^^^^^^^^^^^^^^^^^^^^^^^^^^^^^^^^^^^^^
firewatch-yolo  | ImportError: libGL.so.1: cannot open shared object file: No such file or directory
firewatch-yolo  | Traceback (most recent call last):
firewatch-yolo  |   File "/usr/local/bin/uvicorn", line 8, in <module>
firewatch-yolo  |     sys.exit(main())
firewatch-yolo  |              ^^^^^^
firewatch-yolo  |   File "/usr/local/lib/python3.11/site-packages/click/core.py", line 1485, in __call__
firewatch-yolo  |     return self.main(*args, **kwargs)
firewatch-yolo  |            ^^^^^^^^^^^^^^^^^^^^^^^^^^
firewatch-yolo  |   File "/usr/local/lib/python3.11/site-packages/click/core.py", line 1406, in main
firewatch-yolo  |     rv = self.invoke(ctx)
firewatch-yolo  |          ^^^^^^^^^^^^^^^^
firewatch-yolo  |   File "/usr/local/lib/python3.11/site-packages/click/core.py", line 1269, in invoke
firewatch-yolo  |     return ctx.invoke(self.callback, **ctx.params)
firewatch-yolo  |            ^^^^^^^^^^^^^^^^^^^^^^^^^^^^^^^^^^^^^^^
firewatch-yolo  |   File "/usr/local/lib/python3.11/site-packages/click/core.py", line 824, in invoke
firewatch-yolo  |     return callback(*args, **kwargs)
firewatch-yolo  |            ^^^^^^^^^^^^^^^^^^^^^^^^^
firewatch-yolo  |   File "/usr/local/lib/python3.11/site-packages/uvicorn/main.py", line 433, in main
firewatch-yolo  |     run(
firewatch-yolo  |   File "/usr/local/lib/python3.11/site-packages/uvicorn/main.py", line 606, in run
firewatch-yolo  |     server.run()
firewatch-yolo  |   File "/usr/local/lib/python3.11/site-packages/uvicorn/server.py", line 75, in run
firewatch-yolo  |     return asyncio_run(self.serve(sockets=sockets), loop_factory=self.config.get_loop_factory())
firewatch-yolo  |            ^^^^^^^^^^^^^^^^^^^^^^^^^^^^^^^^^^^^^^^^^^^^^^^^^^^^^^^^^^^^^^^^^^^^^^^^^^^^^^^^^^^^^
firewatch-yolo  |   File "/usr/local/lib/python3.11/site-packages/uvicorn/_compat.py", line 30, in asyncio_run
firewatch-yolo  |     return runner.run(main)
firewatch-yolo  |            ^^^^^^^^^^^^^^^^
firewatch-yolo  |   File "/usr/local/lib/python3.11/asyncio/runners.py", line 118, in run
firewatch-yolo  |     return self._loop.run_until_complete(task)
firewatch-yolo  |            ^^^^^^^^^^^^^^^^^^^^^^^^^^^^^^^^^^^
firewatch-yolo  |   File "/usr/local/lib/python3.11/asyncio/base_events.py", line 654, in run_until_complete
pulling manifest 

firewatch-yolo  |            ^^^^^^^^^^^^^^^



firewatch-vlm   | pulling e554c6b9de01: 100% ▕██████████████████▏ 828 MB                         
firewatch-yolo  |   File "/usr/local/lib/python3.11/site-packages/uvicorn/server.py", line 79, in serve
firewatch-yolo  |     await self._serve(sockets)
firewatch-yolo  |   File "/usr/local/lib/python3.11/site-packages/uvicorn/server.py", line 86, in _serve
firewatch-yolo  |     config.load()
firewatch-yolo  |   File "/usr/local/lib/python3.11/site-packages/uvicorn/config.py", line 441, in load
firewatch-yolo  |     self.loaded_app = import_from_string(self.app)
firewatch-yolo  |                       ^^^^^^^^^^^^^^^^^^^^^^^^^^^^
firewatch-yolo  |   File "/usr/local/lib/python3.11/site-packages/uvicorn/importer.py", line 19, in import_from_string
firewatch-yolo  |     module = importlib.import_module(module_str)
firewatch-yolo  |              ^^^^^^^^^^^^^^^^^^^^^^^^^^^^^^^^^^^
firewatch-yolo  |   File "/usr/local/lib/python3.11/importlib/__init__.py", line 126, in import_module
firewatch-yolo  |     return _bootstrap._gcd_import(name[level:], package, level)
firewatch-yolo  |            ^^^^^^^^^^^^^^^^^^^^^^^^^^^^^^^^^^^^^^^^^^^^^^^^^^^^
firewatch-yolo  |   File "<frozen importlib._bootstrap>", line 1204, in _gcd_import
firewatch-yolo  |   File "<frozen importlib._bootstrap>", line 1176, in _find_and_load
firewatch-yolo  |   File "<frozen importlib._bootstrap>", line 1147, in _find_and_load_unlocked
firewatch-yolo  |   File "<frozen importlib._bootstrap>", line 690, in _load_unlocked
firewatch-yolo  |   File "<frozen importlib._bootstrap_external>", line 940, in exec_module
firewatch-yolo  |   File "<frozen importlib._bootstrap>", line 241, in _call_with_frames_removed
firewatch-yolo  |   File "/app/main.py", line 5, in <module>
firewatch-yolo  |     import cv2
firewatch-yolo  |   File "/usr/local/lib/python3.11/site-packages/cv2/__init__.py", line 181, in <module>
firewatch-yolo  |     bootstrap()
firewatch-yolo  |   File "/usr/local/lib/python3.11/site-packages/cv2/__init__.py", line 153, in bootstrap
firewatch-yolo  |     native_module = importlib.import_module("cv2")
firewatch-yolo  |                     ^^^^^^^^^^^^^^^^^^^^^^^^^^^^^^
firewatch-yolo  |   File "/usr/local/lib/python3.11/importlib/__init__.py", line 126, in import_module
firewatch-yolo  |     return _bootstrap._gcd_import(name[level:], package, level)
firewatch-yolo  |            ^^^^^^^^^^^^^^^^^^^^^^^^^^^^^^^^^^^^^^^^^^^^^^^^^^^^
firewatch-yolo  | ImportError: libGL.so.1: cannot open shared object file: No such file or directory
firewatch-yolo  | Traceback (most recent call last):
firewatch-yolo  |   File "/usr/local/bin/uvicorn", line 8, in <module>
firewatch-yolo  |     sys.exit(main())
firewatch-yolo  |              ^^^^^^
firewatch-yolo  |   File "/usr/local/lib/python3.11/site-packages/click/core.py", line 1485, in __call__
firewatch-yolo  |     return self.main(*args, **kwargs)
firewatch-yolo  |            ^^^^^^^^^^^^^^^^^^^^^^^^^^
firewatch-yolo  |   File "/usr/local/lib/python3.11/site-packages/click/core.py", line 1406, in main
firewatch-yolo  |     rv = self.invoke(ctx)
firewatch-yolo  |          ^^^^^^^^^^^^^^^^
firewatch-yolo  |   File "/usr/local/lib/python3.11/site-packages/click/core.py", line 1269, in invoke
firewatch-yolo  |     return ctx.invoke(self.callback, **ctx.params)
firewatch-yolo  |            ^^^^^^^^^^^^^^^^^^^^^^^^^^^^^^^^^^^^^^^
firewatch-yolo  |   File "/usr/local/lib/python3.11/site-packages/click/core.py", line 824, in invoke
firewatch-yolo  |     return callback(*args, **kwargs)
firewatch-yolo  |            ^^^^^^^^^^^^^^^^^^^^^^^^^
firewatch-yolo  |   File "/usr/local/lib/python3.11/site-packages/uvicorn/main.py", line 433, in main
firewatch-yolo  |     run(
firewatch-yolo  |   File "/usr/local/lib/python3.11/site-packages/uvicorn/main.py", line 606, in run
firewatch-yolo  |     server.run()
firewatch-yolo  |   File "/usr/local/lib/python3.11/site-packages/uvicorn/server.py", line 75, in run
firewatch-yolo  |     return asyncio_run(self.serve(sockets=sockets), loop_factory=self.config.get_loop_factory())
firewatch-yolo  |            ^^^^^^^^^^^^^^^^^^^^^^^^^^^^^^^^^^^^^^^^^^^^^^^^^^^^^^^^^^^^^^^^^^^^^^^^^^^^^^^^^^^^^
firewatch-yolo  |   File "/usr/local/lib/python3.11/site-packages/uvicorn/_compat.py", line 30, in asyncio_run
firewatch-yolo  |     return runner.run(main)
firewatch-yolo  |            ^^^^^^^^^^^^^^^^
firewatch-yolo  |   File "/usr/local/lib/python3.11/asyncio/runners.py", line 118, in run
firewatch-yolo  |     return self._loop.run_until_complete(task)
firewatch-yolo  |            ^^^^^^^^^^^^^^^^^^^^^^^^^^^^^^^^^^^
firewatch-yolo  |   File "/usr/local/lib/python3.11/asyncio/base_events.py", line 654, in run_until_complete
firewatch-yolo  |     return future.result()
firewatch-yolo  |            ^^^^^^^^^^^^^^^
firewatch-yolo  |   File "/usr/local/lib/python3.11/site-packages/uvicorn/server.py", line 79, in serve
firewatch-yolo  |     await self._serve(sockets)
firewatch-yolo  |   File "/usr/local/lib/python3.11/site-packages/uvicorn/server.py", line 86, in _serve
firewatch-yolo  |     config.load()
firewatch-yolo  |   File "/usr/local/lib/python3.11/site-packages/uvicorn/config.py", line 441, in load
firewatch-yolo  |     self.loaded_app = import_from_string(self.app)
firewatch-yolo  |                       ^^^^^^^^^^^^^^^^^^^^^^^^^^^^
firewatch-yolo  |   File "/usr/local/lib/python3.11/site-packages/uvicorn/importer.py", line 19, in import_from_string
firewatch-yolo  |     module = importlib.import_module(module_str)
firewatch-yolo  |              ^^^^^^^^^^^^^^^^^^^^^^^^^^^^^^^^^^^
firewatch-yolo  |   File "/usr/local/lib/python3.11/importlib/__init__.py", line 126, in import_module
firewatch-yolo  |     return _bootstrap._gcd_import(name[level:], package, level)
firewatch-yolo  |            ^^^^^^^^^^^^^^^^^^^^^^^^^^^^^^^^^^^^^^^^^^^^^^^^^^^^
firewatch-yolo  |   File "<frozen importlib._bootstrap>", line 1204, in _gcd_import
firewatch-yolo  |   File "<frozen importlib._bootstrap>", line 1176, in _find_and_load
firewatch-yolo  |   File "<frozen importlib._bootstrap>", line 1147, in _find_and_load_unlocked
firewatch-yolo  |   File "<frozen importlib._bootstrap>", line 690, in _load_unlocked
firewatch-yolo  |   File "<frozen importlib._bootstrap_external>", line 940, in exec_module
firewatch-yolo  |   File "<frozen importlib._bootstrap>", line 241, in _call_with_frames_removed
firewatch-yolo  |   File "/app/main.py", line 5, in <module>
firewatch-yolo  |     import cv2
firewatch-yolo  |   File "/usr/local/lib/python3.11/site-packages/cv2/__init__.py", line 181, in <module>
firewatch-yolo  |     bootstrap()
firewatch-yolo  |   File "/usr/local/lib/python3.11/site-packages/cv2/__init__.py", line 153, in bootstrap
firewatch-yolo  |     native_module = importlib.import_module("cv2")
firewatch-yolo  |                     ^^^^^^^^^^^^^^^^^^^^^^^^^^^^^^
firewatch-yolo  |   File "/usr/local/lib/python3.11/importlib/__init__.py", line 126, in import_module
firewatch-yolo  |     return _bootstrap._gcd_import(name[level:], package, level)
pulling manifest 
pulling manifest 
firewatch-vlm   | pulling e554c6b9de01: 100% ▕██████████████████▏ 828 MB                         
firewatch-frontend  | Exception in callback AsyncIOEventEmitter._emit_run.<locals>.callback(<Task finishe... 'is_alive'")>) at /usr/local/lib/python3.11/site-packages/pyee/asyncio.py:97
firewatch-frontend  | handle: <Handle AsyncIOEventEmitter._emit_run.<locals>.callback(<Task finishe... 'is_alive'")>) at /usr/local/lib/python3.11/site-packages/pyee/asyncio.py:97>
firewatch-frontend  | Traceback (most recent call last):
firewatch-frontend  |   File "/usr/local/lib/python3.11/asyncio/events.py", line 84, in _run
firewatch-frontend  |     self._context.run(self._callback, *self._args)
firewatch-frontend  |   File "/usr/local/lib/python3.11/site-packages/pyee/asyncio.py", line 105, in callback
firewatch-frontend  |     self.emit("error", exc)
firewatch-frontend  |   File "/usr/local/lib/python3.11/site-packages/pyee/asyncio.py", line 70, in emit
firewatch-frontend  |     return super().emit(event, *args, **kwargs)
firewatch-frontend  |            ^^^^^^^^^^^^^^^^^^^^^^^^^^^^^^^^^^^^
firewatch-frontend  |   File "/usr/local/lib/python3.11/site-packages/pyee/base.py", line 223, in emit
firewatch-frontend  |     self._emit_handle_potential_error(event, args[0] if args else None)
firewatch-frontend  |   File "/usr/local/lib/python3.11/site-packages/pyee/base.py", line 181, in _emit_handle_potential_error
firewatch-frontend  |     raise error
firewatch-frontend  |   File "/usr/local/lib/python3.11/site-packages/streamlit_webrtc/webrtc.py", line 560, in on_iceconnectionstatechange
firewatch-frontend  |     self.stop()
firewatch-frontend  |   File "/usr/local/lib/python3.11/site-packages/streamlit_webrtc/webrtc.py", line 772, in stop
firewatch-frontend  |     self._session_shutdown_observer.stop()
firewatch-frontend  |   File "/usr/local/lib/python3.11/site-packages/streamlit_webrtc/shutdown.py", line 71, in stop
firewatch-frontend  |     if self._polling_thread.is_alive():
pulling manifest 
firewatch-vlm       | pulling e554c6b9de01: 100% ▕██████████████████▏ 828 MB                         
firewatch-frontend  | Exception in callback Transaction.__retry()
firewatch-frontend  | handle: <TimerHandle when=3072.824720076 Transaction.__retry()>
firewatch-frontend  | Traceback (most recent call last):
firewatch-frontend  |   File "/usr/local/lib/python3.11/asyncio/selector_events.py", line 1200, in sendto
firewatch-frontend  |     self._sock.sendto(data, addr)
firewatch-frontend  |     ^^^^^^^^^^^^^^^^^
firewatch-frontend  | AttributeError: 'NoneType' object has no attribute 'sendto'
firewatch-frontend  | 
firewatch-frontend  | During handling of the above exception, another exception occurred:
firewatch-frontend  | 
firewatch-frontend  | Traceback (most recent call last):
firewatch-frontend  |   File "/usr/local/lib/python3.11/asyncio/events.py", line 84, in _run
firewatch-frontend  |     self._context.run(self._callback, *self._args)
firewatch-frontend  |   File "/usr/local/lib/python3.11/site-packages/aioice/stun.py", line 333, in __retry
firewatch-frontend  |     self.__protocol.send_stun(self.__request, self.__addr)
firewatch-frontend  |   File "/usr/local/lib/python3.11/site-packages/aioice/ice.py", line 327, in send_stun
firewatch-frontend  |     self.transport.sendto(bytes(message), addr)
firewatch-frontend  |   File "/usr/local/lib/python3.11/asyncio/selector_events.py", line 1210, in sendto
firewatch-frontend  |     self._fatal_error(
firewatch-frontend  |   File "/usr/local/lib/python3.11/asyncio/selector_events.py", line 877, in _fatal_error
firewatch-frontend  |     self._loop.call_exception_handler({
pulling manifest 
firewatch-vlm       | pulling e554c6b9de01: 100% ▕██████████████████▏ 828 MB                         
firewatch-yolo      | Traceback (most recent call last):
firewatch-yolo      |   File "/usr/local/bin/uvicorn", line 8, in <module>
firewatch-yolo      |     sys.exit(main()) w Enable Watch
firewatch-yolo      |              ^^^^^^
firewatch-yolo      |   File "/usr/local/lib/python3.11/site-packages/click/core.py", line 1485, in __call__
firewatch-yolo      |     return self.main(*args, **kwargs)
firewatch-yolo      |            ^^^^^^^^^^^^^^^^^^^^^^^^^^
firewatch-yolo      |   File "/usr/local/lib/python3.11/site-packages/click/core.py", line 1406, in main
firewatch-yolo      |     rv = self.invoke(ctx)
firewatch-yolo      |          ^^^^^^^^^^^^^^^^
firewatch-yolo      |   File "/usr/local/lib/python3.11/site-packages/click/core.py", line 1269, in invoke
firewatch-yolo      |     return ctx.invoke(self.callback, **ctx.params)
firewatch-yolo      |            ^^^^^^^^^^^^^^^^^^^^^^^^^^^^^^^^^^^^^^^
firewatch-yolo      |   File "/usr/local/lib/python3.11/site-packages/click/core.py", line 824, in invoke
firewatch-yolo      |     return callback(*args, **kwargs)
firewatch-yolo      |            ^^^^^^^^^^^^^^^^^^^^^^^^^
firewatch-yolo      |   File "/usr/local/lib/python3.11/site-packages/uvicorn/main.py", line 433, in main
firewatch-yolo      |     run(
firewatch-yolo      |   File "/usr/local/lib/python3.11/site-packages/uvicorn/main.py", line 606, in run
firewatch-yolo      |     server.run()
firewatch-yolo      |   File "/usr/local/lib/python3.11/site-packages/uvicorn/server.py", line 75, in run
firewatch-yolo      |     return asyncio_run(self.serve(sockets=sockets), loop_factory=self.config.get_loop_factory())
firewatch-yolo      |            ^^^^^^^^^^^^^^^^^^^^^^^^^^^^^^^^^^^^^^^^^^^^^^^^^^^^^^^^^^^^^^^^^^^^^^^^^^^^^^^^^^^^^
firewatch-yolo      |   File "/usr/local/lib/python3.11/site-packages/uvicorn/_compat.py", line 30, in asyncio_run
firewatch-yolo      |     return runner.run(main)
firewatch-yolo      |            ^^^^^^^^^^^^^^^^
firewatch-yolo      |   File "/usr/local/lib/python3.11/asyncio/runners.py", line 118, in run
firewatch-yolo      |     return self._loop.run_until_complete(task)
firewatch-yolo      |            ^^^^^^^^^^^^^^^^^^^^^^^^^^^^^^^^^^^
firewatch-yolo      |   File "/usr/local/lib/python3.11/asyncio/base_events.py", line 654, in run_until_complete
firewatch-yolo      |     return future.result()
firewatch-yolo      |            ^^^^^^^^^^^^^^^
firewatch-yolo      |   File "/usr/local/lib/python3.11/site-packages/uvicorn/server.py", line 79, in serve
firewatch-yolo      |     await self._serve(sockets)
firewatch-yolo      |   File "/usr/local/lib/python3.11/site-packages/uvicorn/server.py", line 86, in _serve
firewatch-yolo      |     config.load()
firewatch-yolo      |   File "/usr/local/lib/python3.11/site-packages/uvicorn/config.py", line 441, in load
firewatch-yolo      |     self.loaded_app = import_from_string(self.app)
firewatch-yolo      |                       ^^^^^^^^^^^^^^^^^^^^^^^^^^^^
firewatch-yolo      |   File "/usr/local/lib/python3.11/site-packages/uvicorn/importer.py", line 19, in import_from_string
firewatch-yolo      |     module = importlib.import_module(module_str)
firewatch-yolo      |              ^^^^^^^^^^^^^^^^^^^^^^^^^^^^^^^^^^^
firewatch-yolo      |   File "/usr/local/lib/python3.11/importlib/__init__.py", line 126, in import_module
firewatch-yolo      |     return _bootstrap._gcd_import(name[level:], package, level)
firewatch-yolo      |            ^^^^^^^^^^^^^^^^^^^^^^^^^^^^^^^^^^^^^^^^^^^^^^^^^^^^
firewatch-yolo      |   File "<frozen importlib._bootstrap>", line 1204, in _gcd_import
firewatch-yolo      |   File "<frozen importlib._bootstrap>", line 1176, in _find_and_load
firewatch-yolo      |   File "<frozen importlib._bootstrap>", line 1147, in _find_and_load_unlocked
firewatch-yolo      |   File "<frozen importlib._bootstrap>", line 690, in _load_unlocked
firewatch-yolo      |   File "<frozen importlib._bootstrap_external>", line 940, in exec_module
firewatch-yolo      |   File "<frozen importlib._bootstrap>", line 241, in _call_with_frames_removed
firewatch-yolo      |   File "/app/main.py", line 5, in <module>
firewatch-yolo      |     import cv2
firewatch-yolo      |   File "/usr/local/lib/python3.11/site-packages/cv2/__init__.py", line 181, in <module>
firewatch-yolo      |     bootstrap()
firewatch-yolo      |   File "/usr/local/lib/python3.11/site-packages/cv2/__init__.py", line 153, in bootstrap
firewatch-yolo      |     native_module = importlib.import_module("cv2")
firewatch-yolo      |                     ^^^^^^^^^^^^^^^^^^^^^^^^^^^^^^
firewatch-yolo      |   File "/usr/local/lib/python3.11/importlib/__init__.py", line 126, in import_module
firewatch-yolo      |     return _bootstrap._gcd_import(name[level:], package, level)
pulling manifest 
pulling manifest 
firewatch-vlm       | pulling e554c6b9de01: 100% ▕██████████████████▏ 828 MB                         
firewatch-yolo      | Traceback (most recent call last):
firewatch-yolo      |   File "/usr/local/bin/uvicorn", line 8, in <module>
firewatch-yolo      |     sys.exit(main())
firewatch-yolo      |              ^^^^^^
firewatch-yolo      |   File "/usr/local/lib/python3.11/site-packages/click/core.py", line 1485, in __call__
firewatch-yolo      |     return self.main(*args, **kwargs)
firewatch-yolo      |            ^^^^^^^^^^^^^^^^^^^^^^^^^^
firewatch-yolo      |   File "/usr/local/lib/python3.11/site-packages/click/core.py", line 1406, in main
firewatch-yolo      |     rv = self.invoke(ctx)
firewatch-yolo      |          ^^^^^^^^^^^^^^^^
firewatch-yolo      |   File "/usr/local/lib/python3.11/site-packages/click/core.py", line 1269, in invoke
firewatch-yolo      |     return ctx.invoke(self.callback, **ctx.params)
firewatch-yolo      |            ^^^^^^^^^^^^^^^^^^^^^^^^^^^^^^^^^^^^^^^
firewatch-yolo      |   File "/usr/local/lib/python3.11/site-packages/click/core.py", line 824, in invoke
firewatch-yolo      |     return callback(*args, **kwargs)
firewatch-yolo      |            ^^^^^^^^^^^^^^^^^^^^^^^^^
firewatch-yolo      |   File "/usr/local/lib/python3.11/site-packages/uvicorn/main.py", line 433, in main
firewatch-yolo      |     run(
firewatch-yolo      |   File "/usr/local/lib/python3.11/site-packages/uvicorn/main.py", line 606, in run
firewatch-yolo      |     server.run()
firewatch-yolo      |   File "/usr/local/lib/python3.11/site-packages/uvicorn/server.py", line 75, in run
firewatch-yolo      |     return asyncio_run(self.serve(sockets=sockets), loop_factory=self.config.get_loop_factory())
firewatch-yolo      |            ^^^^^^^^^^^^^^^^^^^^^^^^^^^^^^^^^^^^^^^^^^^^^^^^^^^^^^^^^^^^^^^^^^^^^^^^^^^^^^^^^^^^^
firewatch-yolo      |   File "/usr/local/lib/python3.11/site-packages/uvicorn/_compat.py", line 30, in asyncio_run
firewatch-yolo      |     return runner.run(main)
firewatch-yolo      |            ^^^^^^^^^^^^^^^^
firewatch-yolo      |   File "/usr/local/lib/python3.11/asyncio/runners.py", line 118, in run
firewatch-yolo      |     return self._loop.run_until_complete(task)
firewatch-yolo      |            ^^^^^^^^^^^^^^^^^^^^^^^^^^^^^^^^^^^
firewatch-yolo      |   File "/usr/local/lib/python3.11/asyncio/base_events.py", line 654, in run_until_complete
firewatch-yolo      |     return future.result()
firewatch-yolo      |            ^^^^^^^^^^^^^^^
firewatch-yolo      |   File "/usr/local/lib/python3.11/site-packages/uvicorn/server.py", line 79, in serve
firewatch-yolo      |     await self._serve(sockets)
firewatch-yolo      |   File "/usr/local/lib/python3.11/site-packages/uvicorn/server.py", line 86, in _serve
firewatch-yolo      |     config.load()
firewatch-yolo      |   File "/usr/local/lib/python3.11/site-packages/uvicorn/config.py", line 441, in load
firewatch-yolo      |     self.loaded_app = import_from_string(self.app)
firewatch-yolo      |                       ^^^^^^^^^^^^^^^^^^^^^^^^^^^^
firewatch-yolo      |   File "/usr/local/lib/python3.11/site-packages/uvicorn/importer.py", line 19, in import_from_string
firewatch-yolo      |     module = importlib.import_module(module_str)
firewatch-yolo      |              ^^^^^^^^^^^^^^^^^^^^^^^^^^^^^^^^^^^
firewatch-yolo      |   File "/usr/local/lib/python3.11/importlib/__init__.py", line 126, in import_module
firewatch-yolo      |     return _bootstrap._gcd_import(name[level:], package, level)
firewatch-yolo      |            ^^^^^^^^^^^^^^^^^^^^^^^^^^^^^^^^^^^^^^^^^^^^^^^^^^^^
firewatch-yolo      |   File "<frozen importlib._bootstrap>", line 1204, in _gcd_import
firewatch-yolo      |   File "<frozen importlib._bootstrap>", line 1176, in _find_and_load
firewatch-yolo      |   File "<frozen importlib._bootstrap>", line 1147, in _find_and_load_unlocked
firewatch-yolo      |   File "<frozen importlib._bootstrap>", line 690, in _load_unlocked
firewatch-yolo      |   File "<frozen importlib._bootstrap_external>", line 940, in exec_module
firewatch-yolo      |   File "<frozen importlib._bootstrap>", line 241, in _call_with_frames_removed
firewatch-yolo      |   File "/app/main.py", line 5, in <module>
firewatch-yolo      |     import cv2
firewatch-yolo      |   File "/usr/local/lib/python3.11/site-packages/cv2/__init__.py", line 181, in <module>
firewatch-yolo      |     bootstrap()
firewatch-yolo      |   File "/usr/local/lib/python3.11/site-packages/cv2/__init__.py", line 153, in bootstrap
firewatch-yolo      |     native_module = importlib.import_module("cv2")
firewatch-yolo      |                     ^^^^^^^^^^^^^^^^^^^^^^^^^^^^^^
firewatch-yolo      |   File "/usr/local/lib/python3.11/importlib/__init__.py", line 126, in import_module
firewatch-yolo      |     return _bootstrap._gcd_import(name[level:], package, level)
pulling manifest 
pulling manifest 
firewatch-vlm       | pulling e554c6b9de01: 100% ▕██████████████████▏ 828 MB                         
pulling manifest 
firewatch-vlm       | pulling e554c6b9de01: 100% ▕██████████████████▏ 828 MB                         
pulling manifest 
firewatch-vlm       | pulling e554c6b9de01: 100% ▕██████████████████▏ 828 MB                         
pulling manifest 
firewatch-vlm       | pulling e554c6b9de01: 100% ▕██████████████████▏ 828 MB                         
pulling manifest 
pulling manifest 
firewatch-vlm       | pulling e554c6b9de01: 100% ▕██████████████████▏ 828 MB                         
firewatch-vlm       | pulling 4cc1cb3660d8: 100% ▕██████████████████▏ 909 MB                         
firewatch-vlm       | pulling c71d239df917: 100% ▕██████████████████▏  11 KB                         
firewatch-vlm       | pulling 4b021a3b4b4a: 100% ▕██████████████████▏   77 B                         
firewatch-vlm       | pulling 9468773bdc1f: 100% ▕██████████████████▏   65 B                         
firewatch-vlm       | pulling ba5fbb481ada: 100% ▕██████████████████▏  562 B                         
firewatch-vlm       | verifying sha256 digest 
firewatch-vlm       | writing manifest 
firewatch-vlm       | success 
firewatch-vlm       | Starting FastAPI on port 8019...
firewatch-vlm       | INFO:     Started server process [53]
firewatch-vlm       | INFO:     Waiting for application startup.
firewatch-vlm       | INFO:     Application startup complete.
firewatch-vlm       | INFO:     Uvicorn running on http://0.0.0.0:8019 (Press CTRL+C to quit)


v View in Docker Desktop   o View Config   w Enable Watch